<?xml version='1.0' encoding='UTF-8'?>
<testsuite hostname="homepc" name="SumOfMultiplesTest" tests="13" errors="0" failures="0" skipped="12" time="0.028">
                     <properties>
[...]
</properties>
                     <testcase classname="SumOfMultiplesTest" name="multiples of 3 or 5 up to 1" time="0.022">
                                                 
                                               </testcase><testcase classname="SumOfMultiplesTest" name="multiples of 3 or 5 up to 4" time="0.001">
                                                 <skipped/>
                                               </testcase><testcase classname="SumOfMultiplesTest" name="multiples of 3 up to 7" time="0.001">
                                                 <skipped/>
                                               </testcase><testcase classname="SumOfMultiplesTest" name="multiples of 3 or 5 up to 10" time="0.001">
                                                 <skipped/>
                                               </testcase><testcase classname="SumOfMultiplesTest" name="multiples of 3 or 5 up to 100" time="0.0">
                                                 <skipped/>
                                               </testcase><testcase classname="SumOfMultiplesTest" name="multiples of 3 or 5 up to 1000" time="0.0">
                                                 <skipped/>
                                               </testcase><testcase classname="SumOfMultiplesTest" name="multiples of 7, 13 or 17 up to 20" time="0.0">
                                                 <skipped/>
                                               </testcase><testcase classname="SumOfMultiplesTest" name="multiples of 4 or 6 up to 15" time="0.0">
                                                 <skipped/>
                                               </testcase><testcase classname="SumOfMultiplesTest" name="multiples of 5, 6 or 8 up to 150" time="0.0">
                                                 <skipped/>
                                               </testcase><testcase classname="SumOfMultiplesTest" name="multiples of 5 or 25 up to 51" time="0.001">
                                                 <skipped/>
                                               </testcase><testcase classname="SumOfMultiplesTest" name="multiples of 43 or 47 up to 10000" time="0.001">
                                                 <skipped/>
                                               </testcase><testcase classname="SumOfMultiplesTest" name="multiples of 1 up to 100" time="0.001">
                                                 <skipped/>
                                               </testcase><testcase classname="SumOfMultiplesTest" name="multiples of an empty list up to 10000" time="0.0">
                                                 <skipped/>
                                               </testcase>
                     <system-out><![CDATA[]]></system-out>
                     <system-err><![CDATA[]]></system-err>
                   </testsuite>